Thu May  3 02:48:19 MDT 2018
events.js:183
      throw er; // Unhandled 'error' event
      ^

Error: listen EADDRINUSE :::8080
    at Object._errnoException (util.js:1022:11)
    at _exceptionWithHostPort (util.js:1044:20)
    at Server.setupListenHandle [as _listen2] (net.js:1367:14)
    at listenInCluster (net.js:1408:12)
    at Server.listen (net.js:1492:7)
    at /home/pencil4life/www/server/nodejsd.js:19:25
    at module.exports (/home/pencil4life/www/node_modules/start-stop-daemon/index.js:38:14)
    at Object.<anonymous> (/home/pencil4life/www/server/nodejsd.js:15:1)
    at Module._compile (module.js:652:30)
    at Object.Module._extensions..js (module.js:663:10)
    at Module.load (module.js:565:32)
    at tryModuleLoad (module.js:505:12)
    at Function.Module._load (module.js:497:3)
    at Function.Module.runMain (module.js:693:10)
    at startup (bootstrap_node.js:188:16)
    at bootstrap_node.js:609:3
Forever detected script exited with code: 1
events.js:183
      throw er; // Unhandled 'error' event
      ^

Error: listen EADDRINUSE :::8080
    at Object._errnoException (util.js:1022:11)
    at _exceptionWithHostPort (util.js:1044:20)
    at Server.setupListenHandle [as _listen2] (net.js:1367:14)
    at listenInCluster (net.js:1408:12)
    at Server.listen (net.js:1492:7)
    at /home/pencil4life/www/server/nodejsd.js:19:25
    at module.exports (/home/pencil4life/www/node_modules/start-stop-daemon/index.js:38:14)
    at Object.<anonymous> (/home/pencil4life/www/server/nodejsd.js:15:1)
    at Module._compile (module.js:652:30)
    at Object.Module._extensions..js (module.js:663:10)
    at Module.load (module.js:565:32)
    at tryModuleLoad (module.js:505:12)
    at Function.Module._load (module.js:497:3)
    at Function.Module.runMain (module.js:693:10)
    at startup (bootstrap_node.js:188:16)
    at bootstrap_node.js:609:3
events.js:183
      throw er; // Unhandled 'error' event
      ^

Error: listen EADDRINUSE :::8080
    at Object._errnoException (util.js:1022:11)
    at _exceptionWithHostPort (util.js:1044:20)
    at Server.setupListenHandle [as _listen2] (net.js:1367:14)
    at listenInCluster (net.js:1408:12)
    at Server.listen (net.js:1492:7)
    at /home/pencil4life/www/server/nodejsd.js:19:25
    at module.exports (/home/pencil4life/www/node_modules/start-stop-daemon/index.js:38:14)
    at Object.<anonymous> (/home/pencil4life/www/server/nodejsd.js:15:1)
    at Module._compile (module.js:652:30)
    at Object.Module._extensions..js (module.js:663:10)
    at Module.load (module.js:565:32)
    at tryModuleLoad (module.js:505:12)
    at Function.Module._load (module.js:497:3)
    at Function.Module.runMain (module.js:693:10)
    at startup (bootstrap_node.js:188:16)
    at bootstrap_node.js:609:3
Forever detected script exited with code: 1
events.js:183
      throw er; // Unhandled 'error' event
      ^

Error: listen EADDRINUSE :::8080
    at Object._errnoException (util.js:1022:11)
    at _exceptionWithHostPort (util.js:1044:20)
    at Server.setupListenHandle [as _listen2] (net.js:1367:14)
    at listenInCluster (net.js:1408:12)
    at Server.listen (net.js:1492:7)
    at /home/pencil4life/www/server/nodejsd.js:19:25
    at module.exports (/home/pencil4life/www/node_modules/start-stop-daemon/index.js:38:14)
    at Object.<anonymous> (/home/pencil4life/www/server/nodejsd.js:15:1)
    at Module._compile (module.js:652:30)
    at Object.Module._extensions..js (module.js:663:10)
    at Module.load (module.js:565:32)
    at tryModuleLoad (module.js:505:12)
    at Function.Module._load (module.js:497:3)
    at Function.Module.runMain (module.js:693:10)
    at startup (bootstrap_node.js:188:16)
    at bootstrap_node.js:609:3
Forever detected script exited with code: 1
events.js:183
      throw er; // Unhandled 'error' event
      ^

Error: listen EADDRINUSE :::8080
    at Object._errnoException (util.js:1022:11)
    at _exceptionWithHostPort (util.js:1044:20)
    at Server.setupListenHandle [as _listen2] (net.js:1367:14)
    at listenInCluster (net.js:1408:12)
    at Server.listen (net.js:1492:7)
    at /home/pencil4life/www/server/nodejsd.js:19:25
    at module.exports (/home/pencil4life/www/node_modules/start-stop-daemon/index.js:38:14)
    at Object.<anonymous> (/home/pencil4life/www/server/nodejsd.js:15:1)
    at Module._compile (module.js:652:30)
    at Object.Module._extensions..js (module.js:663:10)
    at Module.load (module.js:565:32)
    at tryModuleLoad (module.js:505:12)
    at Function.Module._load (module.js:497:3)
    at Function.Module.runMain (module.js:693:10)
    at startup (bootstrap_node.js:188:16)
    at bootstrap_node.js:609:3
Forever detected script exited with code: 1
